<?xml version="1.0" encoding="UTF-8"?>
<!-- Generated by org.testng.reporters.JUnitReportReporter -->
<testsuite skipped="0" hostname="SILICONs-MacBook-Air-2.local" name="resources.base" tests="1" failures="0" timestamp="2020-08-18T23:14:23 IST" time="5.657" errors="0">
  <testcase name="BrowserConfig" time="5.657" classname="resources.base"/>
</testsuite> <!-- resources.base -->
